<?xml version="1.0" encoding="UTF-8"?>
<!-- Generated by org.testng.reporters.JUnitReportReporter -->
<testsuite hostname="Praful" failures="0" tests="4" name="TestLayer.PIMPageTest" time="22.480" errors="0" timestamp="2025-01-18T19:09:12 IST" skipped="0">
  <testcase classname="TestLayer.PIMPageTest" name="validatePimPage" time="1.308"/>
  <system-out/>
  <testcase classname="TestLayer.PIMPageTest" name="validateNewEmployee" time="7.124"/>
  <system-out/>
  <testcase classname="TestLayer.PIMPageTest" name="validateEmployeeInformation" time="7.523"/>
  <system-out/>
  <testcase classname="TestLayer.PIMPageTest" name="validateSearchFunctionality" time="6.525"/>
  <system-out/>
</testsuite> <!-- TestLayer.PIMPageTest -->
