<?xml version="1.0" encoding="UTF-8"?>
<!-- Generated by org.testng.reporters.JUnitReportReporter -->
<testsuite hostname="Praful" failures="0" tests="2" name="TestLayer.LoginPageTest" time="6.822" errors="0" timestamp="2025-01-18T19:10:07 IST" skipped="0">
  <testcase classname="TestLayer.LoginPageTest" name="setup" time="4.787"/>
  <system-out/>
  <testcase classname="TestLayer.LoginPageTest" name="validateLoginFunctionality" time="2.035"/>
  <system-out/>
</testsuite> <!-- TestLayer.LoginPageTest -->
