<?xml version="1.0" encoding="UTF-8"?>
<!-- Generated by org.testng.reporters.JUnitReportReporter -->
<testsuite hostname="Praful" failures="0" tests="3" name="TestLayer.HomePageTest" time="0.481" errors="0" timestamp="2025-01-18T19:09:12 IST" skipped="0">
  <testcase classname="TestLayer.HomePageTest" name="validateLogo" time="0.446"/>
  <system-out/>
  <testcase classname="TestLayer.HomePageTest" name="validateHomeTitle" time="0.022"/>
  <system-out/>
  <testcase classname="TestLayer.HomePageTest" name="validateHomeUrl" time="0.013"/>
  <system-out/>
</testsuite> <!-- TestLayer.HomePageTest -->
