<?xml version="1.0" encoding="UTF-8"?>
<!-- Generated by org.testng.reporters.JUnitReportReporter -->
<testsuite hostname="Praful" failures="0" tests="4" name="TestLayer.AdminPageTest" time="18.627" errors="0" timestamp="2025-01-18T19:09:12 IST" skipped="0">
  <testcase classname="TestLayer.AdminPageTest" name="validateAdminPage" time="0.869"/>
  <system-out/>
  <testcase classname="TestLayer.AdminPageTest" name="addUserCredentails" time="13.952"/>
  <system-out/>
  <testcase classname="TestLayer.AdminPageTest" name="logoutFunctionality" time="2.042"/>
  <system-out/>
  <testcase classname="TestLayer.AdminPageTest" name="validateLoginFunctionality" time="1.764"/>
  <system-out/>
</testsuite> <!-- TestLayer.AdminPageTest -->
