<?xml version="1.0" encoding="UTF-8"?>
<!-- Generated by org.testng.reporters.JUnitReportReporter -->
<testsuite hostname="Praful" failures="0" tests="4" name="TestLayer.AdminPageTest" time="18.028" errors="0" timestamp="2025-01-18T20:39:48 IST" skipped="0">
  <testcase classname="TestLayer.AdminPageTest" name="validateAdminPage" time="1.016"/>
  <system-out/>
  <testcase classname="TestLayer.AdminPageTest" name="addUserCredentails" time="14.223"/>
  <system-out/>
  <testcase classname="TestLayer.AdminPageTest" name="logoutFunctionality" time="1.022"/>
  <system-out/>
  <testcase classname="TestLayer.AdminPageTest" name="validateLoginFunctionality" time="1.767"/>
  <system-out/>
</testsuite> <!-- TestLayer.AdminPageTest -->
