<?xml version="1.0" encoding="UTF-8"?>
<!-- Generated by org.testng.reporters.JUnitReportReporter -->
<testsuite hostname="Praful" failures="0" tests="4" name="TestLayer.PIMPageTest" time="21.769" errors="0" timestamp="2025-01-18T20:39:48 IST" skipped="0">
  <testcase classname="TestLayer.PIMPageTest" name="validatePimPage" time="1.051"/>
  <system-out/>
  <testcase classname="TestLayer.PIMPageTest" name="validateNewEmployee" time="7.182"/>
  <system-out/>
  <testcase classname="TestLayer.PIMPageTest" name="validateEmployeeInformation" time="6.981"/>
  <system-out/>
  <testcase classname="TestLayer.PIMPageTest" name="validateSearchFunctionality" time="6.555"/>
  <system-out/>
</testsuite> <!-- TestLayer.PIMPageTest -->
