<?xml version="1.0" encoding="UTF-8"?>
<!-- Generated by org.testng.reporters.JUnitReportReporter -->
<testsuite hostname="Praful" failures="0" tests="3" name="TestLayer.HomePageTest" time="0.433" errors="0" timestamp="2025-01-18T20:39:48 IST" skipped="0">
  <testcase classname="TestLayer.HomePageTest" name="validateLogo" time="0.411"/>
  <system-out/>
  <testcase classname="TestLayer.HomePageTest" name="validateHomeTitle" time="0.012"/>
  <system-out/>
  <testcase classname="TestLayer.HomePageTest" name="validateHomeUrl" time="0.010"/>
  <system-out/>
</testsuite> <!-- TestLayer.HomePageTest -->
