<?xml version="1.0" encoding="UTF-8"?>
<!-- Generated by org.testng.reporters.JUnitReportReporter -->
<testsuite hostname="Praful" failures="0" tests="2" name="TestLayer.LoginPageTest" time="6.869" errors="0" timestamp="2025-01-18T20:39:48 IST" skipped="0">
  <testcase classname="TestLayer.LoginPageTest" name="setup" time="4.824"/>
  <system-out/>
  <testcase classname="TestLayer.LoginPageTest" name="validateLoginFunctionality" time="2.045"/>
  <system-out/>
</testsuite> <!-- TestLayer.LoginPageTest -->
